UDPServer DEBUG Starting
FFTPlotter DEBUG Starting
UDPServer INFO Waiting for data on UDP port 8080
Main DEBUG Starting...
UDPServer DEBUG Received packet with length 1024
UDPServer DEBUG Received packet with length 1024
UDPServer DEBUG Received packet with length 1024
UDPServer DEBUG Received packet with length 1024
UDPServer DEBUG Received packet with length 1024
matplotlib.font_manager DEBUG findfont: Matching :family=sans-serif:style=normal:variant=normal:weight=normal:stretch=normal:size=10.0 to DejaVu Sans (u'C:\\Python27\\lib\\site-packages\\matplotlib\\mpl-data\\fonts\\ttf\\DejaVuSans.ttf') with score of 0.050000
UDPServer DEBUG Received packet with length 1024
UDPServer DEBUG Received packet with length 1024
UDPServer DEBUG Received packet with length 1024
UDPServer DEBUG Received packet with length 1024
UDPServer DEBUG Received packet with length 1024
UDPServer DEBUG Received packet with length 1024
UDPServer DEBUG Received packet with length 1024
UDPServer DEBUG Received packet with length 1024
matplotlib.font_manager DEBUG findfont: Matching :family=sans-serif:style=normal:variant=normal:weight=normal:stretch=normal:size=12.0 to DejaVu Sans (u'C:\\Python27\\lib\\site-packages\\matplotlib\\mpl-data\\fonts\\ttf\\DejaVuSans.ttf') with score of 0.050000
UDPServer DEBUG Received packet with length 1024
UDPServer DEBUG Received packet with length 1024
UDPServer DEBUG Received packet with length 1024
UDPServer DEBUG Received packet with length 1024
UDPServer DEBUG Received packet with length 1024
UDPServer DEBUG Received packet with length 1024
UDPServer DEBUG Received packet with length 1024
UDPServer DEBUG Received packet with length 1024
UDPServer DEBUG Received packet with length 1024
UDPServer DEBUG Received packet with length 1024
UDPServer DEBUG Received packet with length 1024
UDPServer DEBUG Received packet with length 1024
UDPServer DEBUG Received packet with length 1024
UDPServer DEBUG Received packet with length 1024
UDPServer DEBUG Received packet with length 1024
UDPServer DEBUG Received packet with length 1024
UDPServer DEBUG Received packet with length 1024
UDPServer DEBUG Received packet with length 1024
UDPServer DEBUG Received packet with length 1024
UDPServer DEBUG Received packet with length 1024
UDPServer DEBUG Received packet with length 1024
UDPServer DEBUG Received packet with length 1024
UDPServer DEBUG Received packet with length 1024
UDPServer DEBUG Received packet with length 1024
UDPServer DEBUG Received packet with length 1024
UDPServer DEBUG Received packet with length 1024
UDPServer DEBUG Received packet with length 1024
UDPServer DEBUG Received packet with length 1024
UDPServer DEBUG Received packet with length 1024
UDPServer DEBUG Received packet with length 1024
UDPServer DEBUG Received packet with length 1024
UDPServer DEBUG Received packet with length 1024
UDPServer DEBUG Received packet with length 1024
UDPServer DEBUG Received packet with length 1024
UDPServer DEBUG Received packet with length 1024
UDPServer DEBUG Received packet with length 1024
UDPServer DEBUG Received packet with length 1024
UDPServer DEBUG Received packet with length 1024
UDPServer DEBUG Received packet with length 1024
UDPServer DEBUG Received packet with length 1024
UDPServer DEBUG Received packet with length 1024
UDPServer DEBUG Received packet with length 1024
UDPServer DEBUG Received packet with length 1024
UDPServer DEBUG Received packet with length 1024
UDPServer DEBUG Received packet with length 1024
UDPServer DEBUG Received packet with length 1024
UDPServer DEBUG Received packet with length 1024
UDPServer DEBUG Received packet with length 1024
UDPServer DEBUG Received packet with length 1024
UDPServer DEBUG Received packet with length 1024
UDPServer DEBUG Received packet with length 1024
UDPServer DEBUG Received packet with length 1024
UDPServer DEBUG Received packet with length 1024
UDPServer DEBUG Received packet with length 1024
UDPServer DEBUG Received packet with length 1024
UDPServer DEBUG Received packet with length 1024
UDPServer DEBUG Received packet with length 1024
UDPServer DEBUG Received packet with length 1024
UDPServer DEBUG Received packet with length 1024
UDPServer DEBUG Received packet with length 1024
UDPServer DEBUG Received packet with length 1024
UDPServer DEBUG Received packet with length 1024
UDPServer DEBUG Received packet with length 1024
UDPServer DEBUG Received packet with length 1024
UDPServer DEBUG Received packet with length 1024
UDPServer DEBUG Received packet with length 1024
UDPServer DEBUG Received packet with length 1024
UDPServer DEBUG Received packet with length 1024
UDPServer DEBUG Received packet with length 1024
UDPServer DEBUG Received packet with length 1024
UDPServer DEBUG Received packet with length 1024
UDPServer DEBUG Received packet with length 1024
UDPServer DEBUG Received packet with length 1024
UDPServer DEBUG Received packet with length 1024
UDPServer DEBUG Received packet with length 1024
UDPServer DEBUG Received packet with length 1024
UDPServer DEBUG Received packet with length 1024
UDPServer DEBUG Received packet with length 1024
UDPServer DEBUG Received packet with length 1024
UDPServer DEBUG Received packet with length 1024
UDPServer DEBUG Received packet with length 1024
UDPServer DEBUG Received packet with length 1024
UDPServer DEBUG Received packet with length 1024
UDPServer DEBUG Received packet with length 1024
UDPServer DEBUG Received packet with length 1024
UDPServer DEBUG Received packet with length 1024
UDPServer DEBUG Received packet with length 1024
UDPServer DEBUG Received packet with length 1024
UDPServer DEBUG Received packet with length 1024
UDPServer DEBUG Received packet with length 1024
UDPServer DEBUG Received packet with length 1024
UDPServer DEBUG Received packet with length 1024
UDPServer DEBUG Received packet with length 1024
UDPServer DEBUG Received packet with length 1024
UDPServer DEBUG Received packet with length 1024
UDPServer DEBUG Received packet with length 1024
UDPServer DEBUG Received packet with length 1024
UDPServer DEBUG Received packet with length 1024
UDPServer DEBUG Received packet with length 1024
UDPServer DEBUG Received packet with length 1024
UDPServer DEBUG Received packet with length 1024
UDPServer DEBUG Received packet with length 1024
UDPServer DEBUG Received packet with length 1024
UDPServer DEBUG Received packet with length 1024
UDPServer DEBUG Received packet with length 1024
UDPServer DEBUG Received packet with length 1024
UDPServer DEBUG Received packet with length 1024
UDPServer DEBUG Received packet with length 1024
UDPServer DEBUG Received packet with length 1024
UDPServer DEBUG Received packet with length 1024
UDPServer DEBUG Received packet with length 1024
UDPServer DEBUG Received packet with length 1024
UDPServer DEBUG Received packet with length 1024
UDPServer DEBUG Received packet with length 1024
UDPServer DEBUG Received packet with length 1024
UDPServer DEBUG Received packet with length 1024
UDPServer DEBUG Received packet with length 1024
UDPServer DEBUG Received packet with length 1024
UDPServer DEBUG Received packet with length 1024
UDPServer DEBUG Received packet with length 1024
UDPServer DEBUG Received packet with length 1024
UDPServer DEBUG Received packet with length 1024
UDPServer DEBUG Received packet with length 1024
UDPServer DEBUG Received packet with length 1024
UDPServer DEBUG Received packet with length 1024
UDPServer DEBUG Received packet with length 1024
UDPServer DEBUG Received packet with length 1024
UDPServer DEBUG Received packet with length 1024
UDPServer DEBUG Received packet with length 1024
UDPServer DEBUG Received packet with length 1024
UDPServer DEBUG Received packet with length 1024
UDPServer DEBUG Received packet with length 1024
UDPServer DEBUG Received packet with length 1024
UDPServer DEBUG Received packet with length 1024
UDPServer DEBUG Received packet with length 1024
UDPServer DEBUG Received packet with length 1024
UDPServer DEBUG Received packet with length 1024
UDPServer DEBUG Received packet with length 1024
UDPServer DEBUG Received packet with length 1024
UDPServer DEBUG Received packet with length 1024
UDPServer DEBUG Received packet with length 1024
UDPServer DEBUG Received packet with length 1024
UDPServer DEBUG Received packet with length 1024
UDPServer DEBUG Received packet with length 1024
UDPServer DEBUG Received packet with length 1024
UDPServer DEBUG Received packet with length 1024
UDPServer DEBUG Received packet with length 1024
UDPServer DEBUG Received packet with length 1024
UDPServer DEBUG Received packet with length 1024
UDPServer DEBUG Received packet with length 1024
UDPServer DEBUG Received packet with length 1024
UDPServer DEBUG Received packet with length 1024
UDPServer DEBUG Received packet with length 1024
UDPServer DEBUG Received packet with length 1024
UDPServer DEBUG Received packet with length 1024
UDPServer DEBUG Received packet with length 1024
UDPServer DEBUG Received packet with length 1024
UDPServer DEBUG Received packet with length 1024
UDPServer DEBUG Received packet with length 1024
UDPServer DEBUG Received packet with length 1024
UDPServer DEBUG Received packet with length 1024
UDPServer DEBUG Received packet with length 1024
UDPServer DEBUG Received packet with length 1024
UDPServer DEBUG Received packet with length 1024
UDPServer DEBUG Received packet with length 1024
UDPServer DEBUG Received packet with length 1024
UDPServer DEBUG Received packet with length 1024
UDPServer DEBUG Received packet with length 1024
UDPServer DEBUG Received packet with length 1024
UDPServer DEBUG Received packet with length 1024
UDPServer DEBUG Received packet with length 1024
UDPServer DEBUG Received packet with length 1024
UDPServer DEBUG Received packet with length 1024
UDPServer DEBUG Received packet with length 1024
UDPServer DEBUG Received packet with length 1024
UDPServer DEBUG Received packet with length 1024
UDPServer DEBUG Received packet with length 1024
UDPServer DEBUG Received packet with length 1024
UDPServer DEBUG Received packet with length 1024
UDPServer DEBUG Received packet with length 1024
UDPServer DEBUG Received packet with length 1024
UDPServer DEBUG Received packet with length 1024
UDPServer DEBUG Received packet with length 1024
UDPServer DEBUG Received packet with length 1024
UDPServer DEBUG Received packet with length 1024
UDPServer DEBUG Received packet with length 1024
UDPServer DEBUG Received packet with length 1024
UDPServer DEBUG Received packet with length 1024
UDPServer DEBUG Received packet with length 1024
UDPServer DEBUG Received packet with length 1024
UDPServer DEBUG Received packet with length 1024
UDPServer DEBUG Received packet with length 1024
UDPServer DEBUG Received packet with length 1024
UDPServer DEBUG Received packet with length 1024
UDPServer DEBUG Received packet with length 1024
UDPServer DEBUG Received packet with length 1024
UDPServer DEBUG Received packet with length 1024
UDPServer DEBUG Received packet with length 1024
UDPServer DEBUG Received packet with length 1024
UDPServer DEBUG Received packet with length 1024
UDPServer DEBUG Received packet with length 1024
UDPServer DEBUG Received packet with length 1024
UDPServer DEBUG Received packet with length 1024
UDPServer DEBUG Received packet with length 1024
UDPServer DEBUG Received packet with length 1024
UDPServer DEBUG Received packet with length 1024
UDPServer DEBUG Received packet with length 1024
UDPServer DEBUG Received packet with length 1024
UDPServer DEBUG Received packet with length 1024
UDPServer DEBUG Received packet with length 1024
UDPServer DEBUG Received packet with length 1024
UDPServer DEBUG Received packet with length 1024
UDPServer DEBUG Received packet with length 1024
UDPServer DEBUG Received packet with length 1024
UDPServer DEBUG Received packet with length 1024
UDPServer DEBUG Received packet with length 1024
UDPServer DEBUG Received packet with length 1024
UDPServer DEBUG Received packet with length 1024
UDPServer DEBUG Received packet with length 1024
UDPServer DEBUG Received packet with length 1024
UDPServer DEBUG Received packet with length 1024
UDPServer DEBUG Received packet with length 1024
UDPServer DEBUG Received packet with length 1024
UDPServer DEBUG Received packet with length 1024
UDPServer DEBUG Received packet with length 1024
UDPServer DEBUG Received packet with length 1024
UDPServer DEBUG Received packet with length 1024
UDPServer DEBUG Received packet with length 1024
UDPServer DEBUG Received packet with length 1024
UDPServer DEBUG Received packet with length 1024
UDPServer DEBUG Received packet with length 1024
UDPServer DEBUG Received packet with length 1024
UDPServer DEBUG Received packet with length 1024
UDPServer DEBUG Received packet with length 1024
UDPServer DEBUG Received packet with length 1024
UDPServer DEBUG Received packet with length 1024
UDPServer DEBUG Received packet with length 1024
UDPServer DEBUG Received packet with length 1024
UDPServer DEBUG Received packet with length 1024
UDPServer DEBUG Received packet with length 1024
UDPServer DEBUG Received packet with length 1024
UDPServer DEBUG Received packet with length 1024
UDPServer DEBUG Received packet with length 1024
UDPServer DEBUG Received packet with length 1024
UDPServer DEBUG Received packet with length 1024
UDPServer DEBUG Received packet with length 1024
UDPServer DEBUG Received packet with length 1024
UDPServer DEBUG Received packet with length 1024
UDPServer DEBUG Received packet with length 1024
UDPServer DEBUG Received packet with length 1024
UDPServer DEBUG Received packet with length 1024
UDPServer DEBUG Received packet with length 1024
UDPServer DEBUG Received packet with length 1024
UDPServer DEBUG Received packet with length 1024
UDPServer DEBUG Received packet with length 1024
UDPServer DEBUG Received packet with length 1024
UDPServer DEBUG Received packet with length 1024
UDPServer DEBUG Received packet with length 1024
UDPServer DEBUG Received packet with length 1024
UDPServer DEBUG Received packet with length 1024
UDPServer DEBUG Received packet with length 1024
UDPServer DEBUG Received packet with length 1024
UDPServer DEBUG Received packet with length 1024
UDPServer DEBUG Received packet with length 1024
UDPServer DEBUG Received packet with length 1024
UDPServer DEBUG Received packet with length 1024
UDPServer DEBUG Received packet with length 1024
UDPServer DEBUG Received packet with length 1024
UDPServer DEBUG Received packet with length 1024
UDPServer DEBUG Received packet with length 1024
UDPServer DEBUG Received packet with length 1024
UDPServer DEBUG Received packet with length 1024
UDPServer DEBUG Received packet with length 1024
UDPServer DEBUG Received packet with length 1024
UDPServer DEBUG Received packet with length 1024
UDPServer DEBUG Received packet with length 1024
UDPServer DEBUG Received packet with length 1024
UDPServer DEBUG Received packet with length 1024
UDPServer DEBUG Received packet with length 1024
UDPServer DEBUG Received packet with length 1024
UDPServer DEBUG Received packet with length 1024
UDPServer DEBUG Received packet with length 1024
UDPServer DEBUG Received packet with length 1024
UDPServer DEBUG Received packet with length 1024
UDPServer DEBUG Received packet with length 1024
UDPServer DEBUG Received packet with length 1024
UDPServer DEBUG Received packet with length 1024
UDPServer DEBUG Received packet with length 1024
UDPServer DEBUG Received packet with length 1024
UDPServer DEBUG Received packet with length 1024
UDPServer DEBUG Received packet with length 1024
UDPServer DEBUG Received packet with length 1024
UDPServer DEBUG Received packet with length 1024
UDPServer DEBUG Received packet with length 1024
UDPServer DEBUG Received packet with length 1024
UDPServer DEBUG Received packet with length 1024
UDPServer DEBUG Received packet with length 1024
UDPServer DEBUG Received packet with length 1024
UDPServer DEBUG Received packet with length 1024
UDPServer DEBUG Received packet with length 1024
UDPServer DEBUG Received packet with length 1024
UDPServer DEBUG Received packet with length 1024
UDPServer DEBUG Received packet with length 1024
UDPServer DEBUG Received packet with length 1024
UDPServer DEBUG Received packet with length 1024
UDPServer DEBUG Received packet with length 1024
UDPServer DEBUG Received packet with length 1024
UDPServer DEBUG Received packet with length 1024
UDPServer DEBUG Received packet with length 1024
UDPServer DEBUG Received packet with length 1024
UDPServer DEBUG Received packet with length 1024
UDPServer DEBUG Received packet with length 1024
UDPServer DEBUG Received packet with length 1024
UDPServer DEBUG Received packet with length 1024
UDPServer DEBUG Received packet with length 1024
UDPServer DEBUG Received packet with length 1024
UDPServer DEBUG Received packet with length 1024
UDPServer DEBUG Received packet with length 1024
UDPServer DEBUG Received packet with length 1024
UDPServer DEBUG Received packet with length 1024
UDPServer DEBUG Received packet with length 1024
UDPServer DEBUG Received packet with length 1024
UDPServer DEBUG Received packet with length 1024
UDPServer DEBUG Received packet with length 1024
UDPServer DEBUG Received packet with length 1024
UDPServer DEBUG Received packet with length 1024
UDPServer DEBUG Received packet with length 1024
UDPServer DEBUG Received packet with length 1024
UDPServer DEBUG Received packet with length 1024
UDPServer DEBUG Received packet with length 1024
UDPServer DEBUG Received packet with length 1024
UDPServer DEBUG Received packet with length 1024
UDPServer DEBUG Received packet with length 1024
UDPServer DEBUG Received packet with length 1024
UDPServer DEBUG Received packet with length 1024
UDPServer DEBUG Received packet with length 1024
UDPServer DEBUG Received packet with length 1024
UDPServer DEBUG Received packet with length 1024
UDPServer DEBUG Received packet with length 1024
UDPServer DEBUG Received packet with length 1024
UDPServer DEBUG Received packet with length 1024
UDPServer DEBUG Received packet with length 1024
UDPServer DEBUG Received packet with length 1024
UDPServer DEBUG Received packet with length 1024
UDPServer DEBUG Received packet with length 1024
UDPServer DEBUG Received packet with length 1024
UDPServer DEBUG Received packet with length 1024
UDPServer DEBUG Received packet with length 1024
UDPServer DEBUG Received packet with length 1024
UDPServer DEBUG Received packet with length 1024
UDPServer DEBUG Received packet with length 1024
UDPServer DEBUG Received packet with length 1024
UDPServer DEBUG Received packet with length 1024
UDPServer DEBUG Received packet with length 1024
UDPServer DEBUG Received packet with length 1024
UDPServer DEBUG Received packet with length 1024
UDPServer DEBUG Received packet with length 1024
UDPServer DEBUG Received packet with length 1024
UDPServer DEBUG Received packet with length 1024
UDPServer DEBUG Received packet with length 1024
UDPServer DEBUG Received packet with length 1024
UDPServer DEBUG Received packet with length 1024
UDPServer DEBUG Received packet with length 1024
UDPServer DEBUG Received packet with length 1024
UDPServer DEBUG Received packet with length 1024
UDPServer DEBUG Received packet with length 1024
UDPServer DEBUG Received packet with length 1024
UDPServer DEBUG Received packet with length 1024
UDPServer DEBUG Received packet with length 1024
UDPServer DEBUG Received packet with length 1024
UDPServer DEBUG Received packet with length 1024
UDPServer DEBUG Received packet with length 1024
UDPServer DEBUG Received packet with length 1024
UDPServer DEBUG Received packet with length 1024
UDPServer DEBUG Received packet with length 1024
UDPServer DEBUG Received packet with length 1024
UDPServer DEBUG Received packet with length 1024
UDPServer DEBUG Received packet with length 1024
UDPServer DEBUG Received packet with length 1024
UDPServer DEBUG Received packet with length 1024
UDPServer DEBUG Received packet with length 1024
UDPServer DEBUG Received packet with length 1024
UDPServer DEBUG Received packet with length 1024
UDPServer DEBUG Received packet with length 1024
UDPServer DEBUG Received packet with length 1024
UDPServer DEBUG Received packet with length 1024
UDPServer DEBUG Received packet with length 1024
UDPServer DEBUG Received packet with length 1024
UDPServer DEBUG Received packet with length 1024
UDPServer DEBUG Received packet with length 1024
UDPServer DEBUG Received packet with length 1024
UDPServer DEBUG Received packet with length 1024
UDPServer DEBUG Received packet with length 1024
UDPServer DEBUG Received packet with length 1024
UDPServer DEBUG Received packet with length 1024
UDPServer DEBUG Received packet with length 1024
UDPServer DEBUG Received packet with length 1024
UDPServer DEBUG Received packet with length 1024
UDPServer DEBUG Received packet with length 1024
UDPServer DEBUG Received packet with length 1024
UDPServer DEBUG Received packet with length 1024
UDPServer DEBUG Received packet with length 1024
UDPServer DEBUG Received packet with length 1024
UDPServer DEBUG Received packet with length 1024
UDPServer DEBUG Received packet with length 1024
UDPServer DEBUG Received packet with length 1024
UDPServer DEBUG Received packet with length 1024
UDPServer DEBUG Received packet with length 1024
UDPServer DEBUG Received packet with length 1024
UDPServer DEBUG Received packet with length 1024
UDPServer DEBUG Received packet with length 1024
UDPServer DEBUG Received packet with length 1024
UDPServer DEBUG Received packet with length 1024
UDPServer DEBUG Received packet with length 1024
UDPServer DEBUG Received packet with length 1024
UDPServer DEBUG Received packet with length 1024
UDPServer DEBUG Received packet with length 1024
UDPServer DEBUG Received packet with length 1024
UDPServer DEBUG Received packet with length 1024
UDPServer DEBUG Received packet with length 1024
UDPServer DEBUG Received packet with length 1024
UDPServer DEBUG Received packet with length 1024
UDPServer DEBUG Received packet with length 1024
UDPServer DEBUG Received packet with length 1024
UDPServer DEBUG Received packet with length 1024
UDPServer DEBUG Received packet with length 1024
UDPServer DEBUG Received packet with length 1024
UDPServer DEBUG Received packet with length 1024
UDPServer DEBUG Received packet with length 1024
UDPServer DEBUG Received packet with length 1024
UDPServer DEBUG Received packet with length 1024
UDPServer DEBUG Received packet with length 1024
UDPServer DEBUG Received packet with length 1024
UDPServer DEBUG Received packet with length 1024
UDPServer DEBUG Received packet with length 1024
UDPServer DEBUG Received packet with length 1024
UDPServer DEBUG Received packet with length 1024
UDPServer DEBUG Received packet with length 1024
UDPServer DEBUG Received packet with length 1024
UDPServer DEBUG Received packet with length 1024
UDPServer DEBUG Received packet with length 1024
UDPServer DEBUG Received packet with length 1024
UDPServer DEBUG Received packet with length 1024
UDPServer DEBUG Received packet with length 1024
UDPServer DEBUG Received packet with length 1024
UDPServer DEBUG Received packet with length 1024
UDPServer DEBUG Received packet with length 1024
UDPServer DEBUG Received packet with length 1024
UDPServer DEBUG Received packet with length 1024
UDPServer DEBUG Received packet with length 1024
UDPServer DEBUG Received packet with length 1024
UDPServer DEBUG Received packet with length 1024
UDPServer DEBUG Received packet with length 1024
UDPServer DEBUG Received packet with length 1024
UDPServer DEBUG Received packet with length 1024
UDPServer DEBUG Received packet with length 1024
UDPServer DEBUG Received packet with length 1024
UDPServer DEBUG Received packet with length 1024
UDPServer DEBUG Received packet with length 1024
UDPServer DEBUG Received packet with length 1024
UDPServer DEBUG Received packet with length 1024
UDPServer DEBUG Received packet with length 1024
UDPServer DEBUG Received packet with length 1024
UDPServer DEBUG Received packet with length 1024
UDPServer DEBUG Received packet with length 1024
UDPServer DEBUG Received packet with length 1024
UDPServer DEBUG Received packet with length 1024
UDPServer DEBUG Received packet with length 1024
UDPServer DEBUG Received packet with length 1024
UDPServer DEBUG Received packet with length 1024
UDPServer DEBUG Received packet with length 1024
UDPServer DEBUG Received packet with length 1024
UDPServer DEBUG Received packet with length 1024
UDPServer DEBUG Received packet with length 1024
UDPServer DEBUG Received packet with length 1024
UDPServer DEBUG Received packet with length 1024
UDPServer DEBUG Received packet with length 1024
UDPServer DEBUG Received packet with length 1024
UDPServer DEBUG Received packet with length 1024
UDPServer DEBUG Received packet with length 1024
UDPServer DEBUG Received packet with length 1024
UDPServer DEBUG Received packet with length 1024
UDPServer DEBUG Received packet with length 1024
UDPServer DEBUG Received packet with length 1024
UDPServer DEBUG Received packet with length 1024
UDPServer DEBUG Received packet with length 1024
UDPServer DEBUG Received packet with length 1024
UDPServer DEBUG Received packet with length 1024
UDPServer DEBUG Received packet with length 1024
UDPServer DEBUG Received packet with length 1024
UDPServer DEBUG Received packet with length 1024
UDPServer DEBUG Received packet with length 1024
UDPServer DEBUG Received packet with length 1024
UDPServer DEBUG Received packet with length 1024
UDPServer DEBUG Received packet with length 1024
UDPServer DEBUG Received packet with length 1024
UDPServer DEBUG Received packet with length 1024
UDPServer DEBUG Received packet with length 1024
UDPServer DEBUG Received packet with length 1024
UDPServer DEBUG Received packet with length 1024
UDPServer DEBUG Received packet with length 1024
UDPServer DEBUG Received packet with length 1024
UDPServer DEBUG Received packet with length 1024
UDPServer DEBUG Received packet with length 1024
UDPServer DEBUG Received packet with length 1024
UDPServer DEBUG Received packet with length 1024
UDPServer DEBUG Received packet with length 1024
UDPServer DEBUG Received packet with length 1024
UDPServer DEBUG Received packet with length 1024
UDPServer DEBUG Received packet with length 1024
UDPServer DEBUG Received packet with length 1024
UDPServer DEBUG Received packet with length 1024
UDPServer DEBUG Received packet with length 1024
UDPServer DEBUG Received packet with length 1024
UDPServer DEBUG Received packet with length 1024
UDPServer DEBUG Received packet with length 1024
UDPServer DEBUG Received packet with length 1024
UDPServer DEBUG Received packet with length 1024
UDPServer DEBUG Received packet with length 1024
UDPServer DEBUG Received packet with length 1024
UDPServer DEBUG Received packet with length 1024
UDPServer DEBUG Received packet with length 1024
UDPServer DEBUG Received packet with length 1024
UDPServer DEBUG Received packet with length 1024
UDPServer DEBUG Received packet with length 1024
UDPServer DEBUG Received packet with length 1024
UDPServer DEBUG Received packet with length 1024
UDPServer DEBUG Received packet with length 1024
UDPServer DEBUG Received packet with length 1024
UDPServer DEBUG Received packet with length 1024
UDPServer DEBUG Received packet with length 1024
UDPServer DEBUG Received packet with length 1024
UDPServer DEBUG Received packet with length 1024
UDPServer DEBUG Received packet with length 1024
UDPServer DEBUG Received packet with length 1024
UDPServer DEBUG Received packet with length 1024
UDPServer DEBUG Received packet with length 1024
UDPServer DEBUG Received packet with length 1024
UDPServer DEBUG Received packet with length 1024
UDPServer DEBUG Received packet with length 1024
UDPServer DEBUG Received packet with length 1024
UDPServer DEBUG Received packet with length 1024
UDPServer DEBUG Received packet with length 1024
UDPServer DEBUG Received packet with length 1024
UDPServer DEBUG Received packet with length 1024
UDPServer DEBUG Received packet with length 1024
UDPServer DEBUG Received packet with length 1024
UDPServer DEBUG Received packet with length 1024
UDPServer DEBUG Received packet with length 1024
UDPServer DEBUG Received packet with length 1024
UDPServer DEBUG Received packet with length 1024
UDPServer DEBUG Received packet with length 1024
UDPServer DEBUG Received packet with length 1024
UDPServer DEBUG Received packet with length 1024
UDPServer DEBUG Received packet with length 1024
UDPServer DEBUG Received packet with length 1024
UDPServer DEBUG Received packet with length 1024
UDPServer DEBUG Received packet with length 1024
UDPServer DEBUG Received packet with length 1024
UDPServer DEBUG Received packet with length 1024
UDPServer DEBUG Received packet with length 1024
UDPServer DEBUG Received packet with length 1024
UDPServer DEBUG Received packet with length 1024
UDPServer DEBUG Received packet with length 1024
UDPServer DEBUG Received packet with length 1024
UDPServer DEBUG Received packet with length 1024
UDPServer DEBUG Received packet with length 1024
UDPServer DEBUG Received packet with length 1024
UDPServer DEBUG Received packet with length 1024
UDPServer DEBUG Received packet with length 1024
UDPServer DEBUG Received packet with length 1024
UDPServer DEBUG Received packet with length 1024
UDPServer DEBUG Received packet with length 1024
UDPServer DEBUG Received packet with length 1024
UDPServer DEBUG Received packet with length 1024
UDPServer DEBUG Received packet with length 1024
UDPServer DEBUG Received packet with length 1024
UDPServer DEBUG Received packet with length 1024
UDPServer DEBUG Received packet with length 1024
UDPServer DEBUG Received packet with length 1024
UDPServer DEBUG Received packet with length 1024
UDPServer DEBUG Received packet with length 1024
UDPServer DEBUG Received packet with length 1024
UDPServer DEBUG Received packet with length 1024
UDPServer DEBUG Received packet with length 1024
UDPServer DEBUG Received packet with length 1024
UDPServer DEBUG Received packet with length 1024
UDPServer DEBUG Received packet with length 1024
UDPServer DEBUG Received packet with length 1024
UDPServer DEBUG Received packet with length 1024
UDPServer DEBUG Received packet with length 1024
UDPServer DEBUG Received packet with length 1024
UDPServer DEBUG Received packet with length 1024
UDPServer DEBUG Received packet with length 1024
UDPServer DEBUG Received packet with length 1024
UDPServer DEBUG Received packet with length 1024
UDPServer DEBUG Received packet with length 1024
UDPServer DEBUG Received packet with length 1024
UDPServer DEBUG Received packet with length 1024
UDPServer DEBUG Received packet with length 1024
UDPServer DEBUG Received packet with length 1024
UDPServer DEBUG Received packet with length 1024
UDPServer DEBUG Received packet with length 1024
UDPServer DEBUG Received packet with length 1024
UDPServer DEBUG Received packet with length 1024
UDPServer DEBUG Received packet with length 1024
UDPServer DEBUG Received packet with length 1024
UDPServer DEBUG Received packet with length 1024
UDPServer DEBUG Received packet with length 1024
UDPServer DEBUG Received packet with length 1024
UDPServer DEBUG Received packet with length 1024
UDPServer DEBUG Received packet with length 1024
UDPServer DEBUG Received packet with length 1024
UDPServer DEBUG Received packet with length 1024
UDPServer DEBUG Received packet with length 1024
UDPServer DEBUG Received packet with length 1024
UDPServer DEBUG Received packet with length 1024
UDPServer DEBUG Received packet with length 1024
UDPServer DEBUG Received packet with length 1024
UDPServer DEBUG Received packet with length 1024
UDPServer DEBUG Received packet with length 1024
UDPServer DEBUG Received packet with length 1024
Main DEBUG Finishing...
FFTPlotter DEBUG Exitting
UDPServer DEBUG Exitting
FFTPlotter DEBUG Exitted
Main DEBUG Finished
